0 info it worked if it ends with ok
1 verbose cli [ 'node', '/usr/local/bin/npm', 'run', 'watch' ]
2 info using npm@1.4.28
3 info using node@v0.10.35
4 verbose run-script [ 'prewatch', 'watch', 'postwatch' ]
5 info prewatch galaxy-proto@0.0.1
6 info watch galaxy-proto@0.0.1
7 verbose unsafe-perm in lifecycle true
8 info galaxy-proto@0.0.1 Failed to exec watch script
9 error galaxy-proto@0.0.1 watch: `./node_modules/webpack-dev-server/bin/webpack-dev-server.js --hot --progress --colors`
9 error Exit status 8
10 error Failed at the galaxy-proto@0.0.1 watch script.
10 error This is most likely a problem with the galaxy-proto package,
10 error not with npm itself.
10 error Tell the author that this fails on your system:
10 error     ./node_modules/webpack-dev-server/bin/webpack-dev-server.js --hot --progress --colors
10 error You can get their info via:
10 error     npm owner ls galaxy-proto
10 error There is likely additional logging output above.
11 error System Darwin 14.4.0
12 error command "node" "/usr/local/bin/npm" "run" "watch"
13 error cwd /Users/ryanyogan/sonian/galaxy
14 error node -v v0.10.35
15 error npm -v 1.4.28
16 error code ELIFECYCLE
17 verbose exit [ 1, true ]
